[debug] [2021-12-04T14:47:05.767Z] ----------------------------------------------------------------------
[debug] [2021-12-04T14:47:05.769Z] Command:       C:\Program Files\nodejs\node.exe C:\Users\Statee\AppData\Roaming\npm\node_modules\firebase-tools\lib\bin\firebase.js emulators:start
[debug] [2021-12-04T14:47:05.769Z] CLI Version:   9.23.0
[debug] [2021-12-04T14:47:05.770Z] Platform:      win32
[debug] [2021-12-04T14:47:05.770Z] Node Version:  v14.18.1
[debug] [2021-12-04T14:47:05.771Z] Time:          Sat Dec 04 2021 15:47:05 GMT+0100 (közép-európai téli idő)
[debug] [2021-12-04T14:47:05.771Z] ----------------------------------------------------------------------
[debug] 
[debug] [2021-12-04T14:47:05.845Z] > command requires scopes: ["email","openid","https://www.googleapis.com/auth/cloudplatformprojects.readonly","https://www.googleapis.com/auth/firebase","https://www.googleapis.com/auth/cloud-platform"]
[debug] [2021-12-04T14:47:05.845Z] > authorizing via signed-in user (stattilasd@gmail.com)
[info] i  emulators: Starting emulators: auth, database {"metadata":{"emulator":{"name":"hub"},"message":"Starting emulators: auth, database"}}
[debug] [2021-12-04T14:47:05.863Z] [hub] writing locator at C:\Users\Statee\AppData\Local\Temp\hub-react-api-ad59c.json
[debug] [2021-12-04T14:47:05.875Z] > refreshing access token with scopes: []
[debug] [2021-12-04T14:47:05.876Z] >>> HTTP REQUEST POST https://www.googleapis.com/oauth2/v3/token  
 <request body omitted>
[debug] [2021-12-04T14:47:06.006Z] <<< HTTP RESPONSE 200 {"pragma":"no-cache","expires":"Mon, 01 Jan 1990 00:00:00 GMT","date":"Sat, 04 Dec 2021 14:47:08 GMT","cache-control":"no-cache, no-store, max-age=0, must-revalidate","content-type":"application/json; charset=utf-8","vary":"X-Origin, Referer, Origin,Accept-Encoding","server":"scaffolding on HTTPServer2","x-xss-protection":"0","x-frame-options":"SAMEORIGIN","x-content-type-options":"nosniff","alt-svc":"h3=\":443\"; ma=2592000,h3-29=\":443\"; ma=2592000,h3-Q050=\":443\"; ma=2592000,h3-Q046=\":443\"; ma=2592000,h3-Q043=\":443\"; ma=2592000,quic=\":443\"; ma=2592000; v=\"46,43\"","accept-ranges":"none","transfer-encoding":"chunked"}
[debug] [2021-12-04T14:47:06.020Z] >>> [apiv2][query] GET https://firebase.googleapis.com/v1beta1/projects/react-api-ad59c [none]
[debug] [2021-12-04T14:47:06.337Z] <<< [apiv2][status] GET https://firebase.googleapis.com/v1beta1/projects/react-api-ad59c 200
[debug] [2021-12-04T14:47:06.337Z] <<< [apiv2][body] GET https://firebase.googleapis.com/v1beta1/projects/react-api-ad59c {"projectId":"react-api-ad59c","projectNumber":"711067465938","displayName":"react-api","name":"projects/react-api-ad59c","resources":{"hostingSite":"react-api-ad59c","realtimeDatabaseInstance":"react-api-ad59c-default-rtdb"},"state":"ACTIVE"}
[debug] [2021-12-04T14:47:06.338Z] database rules config:  [{"instance":"react-api-ad59c-default-rtdb","rules":"G:\\react\\WWTBAM\\wwtbam\\database.rules.json"}]
[debug] [2021-12-04T14:47:06.341Z] Ignoring unsupported arg: projectId {"metadata":{"emulator":{"name":"database"},"message":"Ignoring unsupported arg: projectId"}}
[debug] [2021-12-04T14:47:06.341Z] Ignoring unsupported arg: auto_download {"metadata":{"emulator":{"name":"database"},"message":"Ignoring unsupported arg: auto_download"}}
[debug] [2021-12-04T14:47:06.341Z] Ignoring unsupported arg: rules {"metadata":{"emulator":{"name":"database"},"message":"Ignoring unsupported arg: rules"}}
[debug] [2021-12-04T14:47:06.342Z] Starting Database Emulator with command {"binary":"java","args":["-Duser.language=en","-jar","C:\\Users\\Statee\\.cache\\firebase\\emulators\\firebase-database-emulator-v4.7.2.jar","--host","localhost","--port",9000],"optionalArgs":["port","host","functions_emulator_port","functions_emulator_host"],"joinArgs":false} {"metadata":{"emulator":{"name":"database"},"message":"Starting Database Emulator with command {\"binary\":\"java\",\"args\":[\"-Duser.language=en\",\"-jar\",\"C:\\\\Users\\\\Statee\\\\.cache\\\\firebase\\\\emulators\\\\firebase-database-emulator-v4.7.2.jar\",\"--host\",\"localhost\",\"--port\",9000],\"optionalArgs\":[\"port\",\"host\",\"functions_emulator_port\",\"functions_emulator_host\"],\"joinArgs\":false}"}}
[info] i  database: Database Emulator logging to database-debug.log {"metadata":{"emulator":{"name":"database"},"message":"Database Emulator logging to \u001b[1mdatabase-debug.log\u001b[22m"}}
[info] i  ui: downloading ui-v1.6.4.zip... {"metadata":{"emulator":{"name":"ui"},"message":"downloading ui-v1.6.4.zip..."}}
[debug] [2021-12-04T14:47:13.260Z] >>> [apiv2][query] GET https://storage.googleapis.com/firebase-preview-drop/emulator/ui-v1.6.4.zip 
[debug] [2021-12-04T14:47:13.327Z] <<< [apiv2][status] GET https://storage.googleapis.com/firebase-preview-drop/emulator/ui-v1.6.4.zip 200
[debug] [2021-12-04T14:47:13.327Z] <<< [apiv2][body] GET https://storage.googleapis.com/firebase-preview-drop/emulator/ui-v1.6.4.zip [stream]
[debug] [2021-12-04T14:47:13.862Z] Ignoring unsupported arg: auto_download {"metadata":{"emulator":{"name":"ui"},"message":"Ignoring unsupported arg: auto_download"}}
[debug] [2021-12-04T14:47:13.862Z] Ignoring unsupported arg: port {"metadata":{"emulator":{"name":"ui"},"message":"Ignoring unsupported arg: port"}}
[debug] [2021-12-04T14:47:13.862Z] Starting Emulator UI with command {"binary":"node","args":["C:\\Users\\Statee\\.cache\\firebase\\emulators\\ui-v1.6.4\\server.bundle.js"],"optionalArgs":[],"joinArgs":false} {"metadata":{"emulator":{"name":"ui"},"message":"Starting Emulator UI with command {\"binary\":\"node\",\"args\":[\"C:\\\\Users\\\\Statee\\\\.cache\\\\firebase\\\\emulators\\\\ui-v1.6.4\\\\server.bundle.js\"],\"optionalArgs\":[],\"joinArgs\":false}"}}
[info] i  ui: Emulator UI logging to ui-debug.log {"metadata":{"emulator":{"name":"ui"},"message":"Emulator UI logging to \u001b[1mui-debug.log\u001b[22m"}}
[debug] [2021-12-04T14:47:13.997Z] Web / API server started at localhost:3001
 {"metadata":{"emulator":{"name":"ui"},"message":"Web / API server started at localhost:3001\n"}}
[debug] [2021-12-04T14:47:14.124Z] >>> HTTP REQUEST PUT http://localhost:9000/.settings/rules.json?ns=react-api-ad59c-default-rtdb  
 {
  "rules": {
    ".read": true,  // 2021-12-29
    ".write": true,  // 2021-12-29
  }
}
[debug] [2021-12-04T14:47:14.513Z] <<< HTTP RESPONSE 200 {"content-length":"15","content-type":"application/json; charset=utf-8","access-control-allow-origin":"*","cache-control":"no-cache","x-firebase-project-id":"react-api-ad59c-default-rtdb","x-firebase-project-number":"123456789","x-firebase-uuid":"e9f2b299-8686-4ca3-bebe-db0ec5bdb980"}
[info] 
┌─────────────────────────────────────────────────────────────┐
│ ✔  All emulators ready! It is now safe to connect your app. │
│ i  View Emulator UI at http://localhost:3001                │
└─────────────────────────────────────────────────────────────┘

┌────────────────┬────────────────┬────────────────────────────────┐
│ Emulator       │ Host:Port      │ View in Emulator UI            │
├────────────────┼────────────────┼────────────────────────────────┤
│ Authentication │ localhost:9099 │ http://localhost:3001/auth     │
├────────────────┼────────────────┼────────────────────────────────┤
│ Database       │ localhost:9000 │ http://localhost:3001/database │
└────────────────┴────────────────┴────────────────────────────────┘
  Emulator Hub running at localhost:4400
  Other reserved ports: 4500

Issues? Report them at https://github.com/firebase/firebase-tools/issues and attach the *-debug.log files.
 
